Copyright 1986-2022 Xilinx, Inc. All Rights Reserved. Copyright 2022-2023 Advanced Micro Devices, Inc. All Rights Reserved.
---------------------------------------------------------------------------------------------------------------------------------------------
| Tool Version : Vivado v.2023.2 (win64) Build 4029153 Fri Oct 13 20:14:34 MDT 2023
| Date         : Mon Jul  8 00:00:39 2024
| Host         : LAPTOP-Q89KUD17 running 64-bit major release  (build 9200)
| Command      : report_clock_utilization -file Note_tuner_top_level_clock_utilization_routed.rpt
| Design       : Note_tuner_top_level
| Device       : 7a35t-cpg236
| Speed File   : -1  PRODUCTION 1.23 2018-06-13
| Design State : Routed
---------------------------------------------------------------------------------------------------------------------------------------------

Clock Utilization Report

Table of Contents
-----------------
1. Clock Primitive Utilization
2. Global Clock Resources
3. Global Clock Source Details
4. Local Clock Details
5. Clock Regions: Key Resource Utilization
6. Clock Regions : Global Clock Summary
7. Device Cell Placement Summary for Global Clock g0
8. Device Cell Placement Summary for Global Clock g1
9. Device Cell Placement Summary for Global Clock g2
10. Clock Region Cell Placement per Global Clock: Region X1Y0
11. Clock Region Cell Placement per Global Clock: Region X1Y1

1. Clock Primitive Utilization
------------------------------

+----------+------+-----------+-----+--------------+--------+
| Type     | Used | Available | LOC | Clock Region | Pblock |
+----------+------+-----------+-----+--------------+--------+
| BUFGCTRL |    3 |        32 |   0 |            0 |      0 |
| BUFH     |    0 |        72 |   0 |            0 |      0 |
| BUFIO    |    0 |        20 |   0 |            0 |      0 |
| BUFMR    |    0 |        10 |   0 |            0 |      0 |
| BUFR     |    0 |        20 |   0 |            0 |      0 |
| MMCM     |    0 |         5 |   0 |            0 |      0 |
| PLL      |    1 |         5 |   0 |            0 |      0 |
+----------+------+-----------+-----+--------------+--------+


2. Global Clock Resources
-------------------------

+-----------+-----------+-----------------+------------+---------------+--------------+-------------------+-------------+-----------------+--------------+--------------------+---------------------------------------+------------------------------------------------+
| Global Id | Source Id | Driver Type/Pin | Constraint | Site          | Clock Region | Load Clock Region | Clock Loads | Non-Clock Loads | Clock Period | Clock              | Driver Pin                            | Net                                            |
+-----------+-----------+-----------------+------------+---------------+--------------+-------------------+-------------+-----------------+--------------+--------------------+---------------------------------------+------------------------------------------------+
| g0        | src0      | BUFG/O          | None       | BUFGCTRL_X0Y0 | n/a          |                 1 |         130 |               1 |       81.333 | clk_out1_clk_wiz_0 | i2s_inst/i2s_clock/inst/clkout1_buf/O | i2s_inst/i2s_clock/inst/clk_out1               |
| g1        | src1      | BUFG/O          | None       | BUFGCTRL_X0Y1 | n/a          |                 1 |          68 |               0 |       10.000 | clk_in             | bufg_inst/O                           | clk_internal                                   |
| g2        | src2      | BUFG/O          | None       | BUFGCTRL_X0Y2 | n/a          |                 1 |           1 |               0 |       10.000 | clkfbout_clk_wiz_0 | i2s_inst/i2s_clock/inst/clkf_buf/O    | i2s_inst/i2s_clock/inst/clkfbout_buf_clk_wiz_0 |
+-----------+-----------+-----------------+------------+---------------+--------------+-------------------+-------------+-----------------+--------------+--------------------+---------------------------------------+------------------------------------------------+
* Clock Loads column represents cell count of net connects that connect to a clock pin. Internal cell leaf pins are not considered
** Non-Clock Loads column represents cell count of non-clock pin loads


3. Global Clock Source Details
------------------------------

+-----------+-----------+--------------------+------------+----------------+--------------+-------------+-----------------+---------------------+--------------+-------------------------------------------------+--------------------------------------------+
| Source Id | Global Id | Driver Type/Pin    | Constraint | Site           | Clock Region | Clock Loads | Non-Clock Loads | Source Clock Period | Source Clock | Driver Pin                                      | Net                                        |
+-----------+-----------+--------------------+------------+----------------+--------------+-------------+-----------------+---------------------+--------------+-------------------------------------------------+--------------------------------------------+
| src0      | g0        | PLLE2_ADV/CLKOUT0  | None       | PLLE2_ADV_X1Y0 | X1Y0         |           1 |               0 |              81.333 | Multiple     | i2s_inst/i2s_clock/inst/plle2_adv_inst/CLKOUT0  | i2s_inst/i2s_clock/inst/clk_out1_clk_wiz_0 |
| src1      | g1        | IBUF/O             | IOB_X1Y26  | IOB_X1Y26      | X1Y0         |           2 |               0 |              10.000 | Multiple     | ibuf_inst/O                                     | clk_buf                                    |
| src2      | g2        | PLLE2_ADV/CLKFBOUT | None       | PLLE2_ADV_X1Y0 | X1Y0         |           1 |               0 |              10.000 | Multiple     | i2s_inst/i2s_clock/inst/plle2_adv_inst/CLKFBOUT | i2s_inst/i2s_clock/inst/clkfbout_clk_wiz_0 |
+-----------+-----------+--------------------+------------+----------------+--------------+-------------+-----------------+---------------------+--------------+-------------------------------------------------+--------------------------------------------+
* Clock Loads column represents cell count of net connects that connect to a clock pin. Internal cell leaf pins are not considered
** Non-Clock Loads column represents cell count of non-clock pin loads


4. Local Clock Details
----------------------

+----------+-----------------+------------+------------------+--------------+-------------+-----------------+--------------+-------+----------------------------------------------------------------------------+-------------------------------------------------------------------------------+
| Local Id | Driver Type/Pin | Constraint | Site/BEL         | Clock Region | Clock Loads | Non-Clock Loads | Clock Period | Clock | Driver Pin                                                                 | Net                                                                           |
+----------+-----------------+------------+------------------+--------------+-------------+-----------------+--------------+-------+----------------------------------------------------------------------------+-------------------------------------------------------------------------------+
| 0        | FDCE/Q          | None       | SLICE_X50Y83/BFF | X1Y1         |          16 |               7 |              |       | note_id_inst/debounce_frequency_inst/FSM_sequential_current_state_reg[1]/Q | note_id_inst/debounce_frequency_inst/FSM_sequential_current_state_reg_n_0_[1] |
+----------+-----------------+------------+------------------+--------------+-------------+-----------------+--------------+-------+----------------------------------------------------------------------------+-------------------------------------------------------------------------------+
* Local Clocks in this context represents only clocks driven by non-global buffers
** Clock Loads column represents cell count of net connects that connect to a clock pin. Internal cell leaf pins are not considered
*** Non-Clock Loads column represents cell count of non-clock pin loads


5. Clock Regions: Key Resource Utilization
------------------------------------------

+-------------------+--------------+--------------+--------------+--------------+--------------+--------------+--------------+--------------+--------------+--------------+--------------+--------------+--------------+--------------+--------------+
|                   | Global Clock |     BUFRs    |    BUFMRs    |    BUFIOs    |     MMCM     |      PLL     |      GT      |      PCI     |    ILOGIC    |    OLOGIC    |      FF      |     LUTM     |    RAMB18    |    RAMB36    |    DSP48E2   |
+-------------------+------+-------+------+-------+------+-------+------+-------+------+-------+------+-------+------+-------+------+-------+------+-------+------+-------+------+-------+------+-------+------+-------+------+-------+------+-------+
| Clock Region Name | Used | Avail | Used | Avail | Used | Avail | Used | Avail | Used | Avail | Used | Avail | Used | Avail | Used | Avail | Used | Avail | Used | Avail | Used | Avail | Used | Avail | Used | Avail | Used | Avail | Used | Avail |
+-------------------+------+-------+------+-------+------+-------+------+-------+------+-------+------+-------+------+-------+------+-------+------+-------+------+-------+------+-------+------+-------+------+-------+------+-------+------+-------+
| X0Y0              |    0 |    12 |    0 |     4 |    0 |     2 |    0 |     4 |    0 |     1 |    0 |     1 |    0 |     0 |    0 |     0 |    0 |    50 |    0 |    50 |    0 |  1200 |    0 |   400 |    0 |    20 |    0 |    10 |    0 |    20 |
| X1Y0              |    1 |    12 |    0 |     4 |    0 |     2 |    0 |     4 |    0 |     1 |    1 |     1 |    0 |     0 |    0 |     0 |    0 |    50 |    0 |    50 |    0 |  1500 |    0 |   450 |    0 |    40 |    0 |    20 |    0 |    20 |
| X0Y1              |    0 |    12 |    0 |     4 |    0 |     2 |    0 |     4 |    0 |     1 |    0 |     1 |    0 |     0 |    0 |     0 |    0 |    50 |    0 |    50 |    0 |  1200 |    0 |   400 |    0 |    20 |    0 |    10 |    0 |    20 |
| X1Y1              |    2 |    12 |    0 |     4 |    0 |     2 |    0 |     4 |    0 |     1 |    0 |     1 |    0 |     0 |    0 |     0 |    0 |    50 |    0 |    50 |  197 |  1500 |   40 |   450 |    0 |    40 |    0 |    20 |    1 |    20 |
| X0Y2              |    0 |    12 |    0 |     4 |    0 |     2 |    0 |     4 |    0 |     1 |    0 |     1 |    0 |     0 |    0 |     0 |    0 |    50 |    0 |    50 |    0 |  1800 |    0 |   400 |    0 |    20 |    0 |    10 |    0 |    20 |
| X1Y2              |    0 |    12 |    0 |     0 |    0 |     0 |    0 |     0 |    0 |     0 |    0 |     0 |    0 |     4 |    0 |     1 |    0 |     0 |    0 |     0 |    0 |   950 |    0 |   300 |    0 |    10 |    0 |     5 |    0 |    20 |
+-------------------+------+-------+------+-------+------+-------+------+-------+------+-------+------+-------+------+-------+------+-------+------+-------+------+-------+------+-------+------+-------+------+-------+------+-------+------+-------+
* Global Clock column represents track count; while other columns represents cell counts


6. Clock Regions : Global Clock Summary
---------------------------------------

All Modules
+----+----+----+
|    | X0 | X1 |
+----+----+----+
| Y2 |  0 |  0 |
| Y1 |  0 |  0 |
| Y0 |  0 |  0 |
+----+----+----+


7. Device Cell Placement Summary for Global Clock g0
----------------------------------------------------

+-----------+-----------------+-------------------+----------+-------------+----------------+-------------+----------+----------------+----------+----------------------------------+
| Global Id | Driver Type/Pin | Driver Region (D) | Clock    | Period (ns) | Waveform (ns)  | Slice Loads | IO Loads | Clocking Loads | GT Loads | Net                              |
+-----------+-----------------+-------------------+----------+-------------+----------------+-------------+----------+----------------+----------+----------------------------------+
| g0        | BUFG/O          | n/a               | Multiple |      81.333 | {0.000 40.667} |         130 |        1 |              0 |        0 | i2s_inst/i2s_clock/inst/clk_out1 |
+-----------+-----------------+-------------------+----------+-------------+----------------+-------------+----------+----------------+----------+----------------------------------+
* Slice Loads column represents load cell count of all cell types other than IO, GT and clock resources
** IO Loads column represents load cell count of IO types
*** Clocking Loads column represents load cell count that are clock resources (global clock buffer, MMCM, PLL, etc)
**** GT Loads column represents load cell count of GT types


+----+----+------+-----------------------+
|    | X0 | X1   | HORIZONTAL PROG DELAY |
+----+----+------+-----------------------+
| Y2 |  0 |    0 |                     - |
| Y1 |  0 |  131 |                     0 |
| Y0 |  0 |    0 |                     - |
+----+----+------+-----------------------+


8. Device Cell Placement Summary for Global Clock g1
----------------------------------------------------

+-----------+-----------------+-------------------+----------+-------------+---------------+-------------+----------+----------------+----------+--------------+
| Global Id | Driver Type/Pin | Driver Region (D) | Clock    | Period (ns) | Waveform (ns) | Slice Loads | IO Loads | Clocking Loads | GT Loads | Net          |
+-----------+-----------------+-------------------+----------+-------------+---------------+-------------+----------+----------------+----------+--------------+
| g1        | BUFG/O          | n/a               | Multiple |      10.000 | {0.000 5.000} |          68 |        0 |              0 |        0 | clk_internal |
+-----------+-----------------+-------------------+----------+-------------+---------------+-------------+----------+----------------+----------+--------------+
* Slice Loads column represents load cell count of all cell types other than IO, GT and clock resources
** IO Loads column represents load cell count of IO types
*** Clocking Loads column represents load cell count that are clock resources (global clock buffer, MMCM, PLL, etc)
**** GT Loads column represents load cell count of GT types


+----+----+-----+-----------------------+
|    | X0 | X1  | HORIZONTAL PROG DELAY |
+----+----+-----+-----------------------+
| Y2 |  0 |   0 |                     - |
| Y1 |  0 |  68 |                     0 |
| Y0 |  0 |   0 |                     - |
+----+----+-----+-----------------------+


9. Device Cell Placement Summary for Global Clock g2
----------------------------------------------------

+-----------+-----------------+-------------------+----------+-------------+---------------+-------------+----------+----------------+----------+------------------------------------------------+
| Global Id | Driver Type/Pin | Driver Region (D) | Clock    | Period (ns) | Waveform (ns) | Slice Loads | IO Loads | Clocking Loads | GT Loads | Net                                            |
+-----------+-----------------+-------------------+----------+-------------+---------------+-------------+----------+----------------+----------+------------------------------------------------+
| g2        | BUFG/O          | n/a               | Multiple |      10.000 | {0.000 5.000} |           0 |        0 |              1 |        0 | i2s_inst/i2s_clock/inst/clkfbout_buf_clk_wiz_0 |
+-----------+-----------------+-------------------+----------+-------------+---------------+-------------+----------+----------------+----------+------------------------------------------------+
* Slice Loads column represents load cell count of all cell types other than IO, GT and clock resources
** IO Loads column represents load cell count of IO types
*** Clocking Loads column represents load cell count that are clock resources (global clock buffer, MMCM, PLL, etc)
**** GT Loads column represents load cell count of GT types


+----+----+----+-----------------------+
|    | X0 | X1 | HORIZONTAL PROG DELAY |
+----+----+----+-----------------------+
| Y2 |  0 |  0 |                     - |
| Y1 |  0 |  0 |                     - |
| Y0 |  0 |  1 |                     0 |
+----+----+----+-----------------------+


10. Clock Region Cell Placement per Global Clock: Region X1Y0
-------------------------------------------------------------

+-----------+-------+-----------------+------------+-------------+-----------------+----+-------------+------+-----+----+------+-----+---------+------------------------------------------------+
| Global Id | Track | Driver Type/Pin | Constraint | Clock Loads | Non-Clock Loads | FF | Memory LUTs | RAMB | DSP | GT | MMCM | PLL | Hard IP | Net                                            |
+-----------+-------+-----------------+------------+-------------+-----------------+----+-------------+------+-----+----+------+-----+---------+------------------------------------------------+
| g2        | n/a   | BUFG/O          | None       |           1 |               0 |  0 |           0 |    0 |   0 |  0 |    0 |   1 |       0 | i2s_inst/i2s_clock/inst/clkfbout_buf_clk_wiz_0 |
+-----------+-------+-----------------+------------+-------------+-----------------+----+-------------+------+-----+----+------+-----+---------+------------------------------------------------+
* Clock Loads column represents cell count of net connects that connect to a clock pin. Internal cell leaf pins are not considered
** Non-Clock Loads column represents cell count of non-clock pin loads
*** Columns FF, LUTRAM, RAMB through 'Hard IP' represents load cell counts


11. Clock Region Cell Placement per Global Clock: Region X1Y1
-------------------------------------------------------------

+-----------+-------+-----------------+------------+-------------+-----------------+-----+-------------+------+-----+----+------+-----+---------+----------------------------------+
| Global Id | Track | Driver Type/Pin | Constraint | Clock Loads | Non-Clock Loads | FF  | Memory LUTs | RAMB | DSP | GT | MMCM | PLL | Hard IP | Net                              |
+-----------+-------+-----------------+------------+-------------+-----------------+-----+-------------+------+-----+----+------+-----+---------+----------------------------------+
| g0        | n/a   | BUFG/O          | None       |         130 |               1 | 130 |           0 |    0 |   0 |  0 |    0 |   0 |       0 | i2s_inst/i2s_clock/inst/clk_out1 |
| g1        | n/a   | BUFG/O          | None       |          68 |               0 |  67 |           0 |    0 |   1 |  0 |    0 |   0 |       0 | clk_internal                     |
+-----------+-------+-----------------+------------+-------------+-----------------+-----+-------------+------+-----+----+------+-----+---------+----------------------------------+
* Clock Loads column represents cell count of net connects that connect to a clock pin. Internal cell leaf pins are not considered
** Non-Clock Loads column represents cell count of non-clock pin loads
*** Columns FF, LUTRAM, RAMB through 'Hard IP' represents load cell counts



# Location of BUFG Primitives 
set_property LOC BUFGCTRL_X0Y2 [get_cells i2s_inst/i2s_clock/inst/clkf_buf]
set_property LOC BUFGCTRL_X0Y0 [get_cells i2s_inst/i2s_clock/inst/clkout1_buf]
set_property LOC BUFGCTRL_X0Y1 [get_cells bufg_inst]

# Location of IO Primitives which is load of clock spine
set_property LOC IOB_X1Y94 [get_cells mclk_OBUF_inst]

# Location of clock ports
set_property LOC IOB_X1Y26 [get_ports clk_in]

# Clock net "i2s_inst/i2s_clock/inst/clk_out1" driven by instance "i2s_inst/i2s_clock/inst/clkout1_buf" located at site "BUFGCTRL_X0Y0"
#startgroup
create_pblock {CLKAG_i2s_inst/i2s_clock/inst/clk_out1}
add_cells_to_pblock [get_pblocks  {CLKAG_i2s_inst/i2s_clock/inst/clk_out1}] [get_cells -filter { PRIMITIVE_GROUP != I/O && IS_PRIMITIVE==1 && PRIMITIVE_LEVEL !=INTERNAL && NAME!=mclk_OBUF_inst} -of_object [get_pins -filter {DIRECTION==IN} -of_objects [get_nets -hierarchical -filter {PARENT=="i2s_inst/i2s_clock/inst/clk_out1"}]]]
resize_pblock [get_pblocks {CLKAG_i2s_inst/i2s_clock/inst/clk_out1}] -add {CLOCKREGION_X1Y1:CLOCKREGION_X1Y1}
#endgroup

# Clock net "clk_internal" driven by instance "bufg_inst" located at site "BUFGCTRL_X0Y1"
#startgroup
create_pblock {CLKAG_clk_internal}
add_cells_to_pblock [get_pblocks  {CLKAG_clk_internal}] [get_cells -filter { PRIMITIVE_GROUP != I/O && IS_PRIMITIVE==1 && PRIMITIVE_LEVEL !=INTERNAL } -of_object [get_pins -filter {DIRECTION==IN} -of_objects [get_nets -hierarchical -filter {PARENT=="clk_internal"}]]]
resize_pblock [get_pblocks {CLKAG_clk_internal}] -add {CLOCKREGION_X1Y1:CLOCKREGION_X1Y1}
#endgroup
